{"D:\\Projects\\Namaste React\\src\\components\\Body.js": {"path":"D:\\Projects\\Namaste React\\src\\components\\Body.js","statementMap":{"0":{"start":{"line":8,"column":20},"end":{"line":125,"column":1}},"1":{"start":{"line":9,"column":52},"end":{"line":9,"column":64}},"2":{"start":{"line":10,"column":54},"end":{"line":10,"column":66}},"3":{"start":{"line":12,"column":38},"end":{"line":12,"column":50}},"4":{"start":{"line":13,"column":33},"end":{"line":13,"column":66}},"5":{"start":{"line":15,"column":2},"end":{"line":17,"column":9}},"6":{"start":{"line":16,"column":4},"end":{"line":16,"column":16}},"7":{"start":{"line":19,"column":20},"end":{"line":34,"column":3}},"8":{"start":{"line":20,"column":17},"end":{"line":22,"column":5}},"9":{"start":{"line":24,"column":17},"end":{"line":24,"column":34}},"10":{"start":{"line":25,"column":4},"end":{"line":25,"column":22}},"11":{"start":{"line":26,"column":4},"end":{"line":29,"column":6}},"12":{"start":{"line":30,"column":4},"end":{"line":33,"column":6}},"13":{"start":{"line":37,"column":23},"end":{"line":37,"column":40}},"14":{"start":{"line":38,"column":2},"end":{"line":42,"column":3}},"15":{"start":{"line":39,"column":4},"end":{"line":41,"column":6}},"16":{"start":{"line":43,"column":40},"end":{"line":43,"column":63}},"17":{"start":{"line":44,"column":2},"end":{"line":124,"column":4}},"18":{"start":{"line":57,"column":14},"end":{"line":57,"column":44}},"19":{"start":{"line":62,"column":41},"end":{"line":66,"column":16}},"20":{"start":{"line":63,"column":16},"end":{"line":65,"column":55}},"21":{"start":{"line":67,"column":14},"end":{"line":67,"column":56}},"22":{"start":{"line":77,"column":33},"end":{"line":79,"column":13}},"23":{"start":{"line":78,"column":23},"end":{"line":78,"column":46}},"24":{"start":{"line":80,"column":12},"end":{"line":80,"column":48}},"25":{"start":{"line":90,"column":29},"end":{"line":90,"column":56}},"26":{"start":{"line":101,"column":12},"end":{"line":119,"column":19}}},"fnMap":{"0":{"name":"(anonymous_0)","decl":{"start":{"line":8,"column":20},"end":{"line":8,"column":21}},"loc":{"start":{"line":8,"column":26},"end":{"line":125,"column":1}},"line":8},"1":{"name":"(anonymous_1)","decl":{"start":{"line":15,"column":12},"end":{"line":15,"column":13}},"loc":{"start":{"line":15,"column":18},"end":{"line":17,"column":3}},"line":15},"2":{"name":"(anonymous_2)","decl":{"start":{"line":19,"column":20},"end":{"line":19,"column":21}},"loc":{"start":{"line":19,"column":32},"end":{"line":34,"column":3}},"line":19},"3":{"name":"(anonymous_3)","decl":{"start":{"line":56,"column":22},"end":{"line":56,"column":23}},"loc":{"start":{"line":56,"column":29},"end":{"line":58,"column":13}},"line":56},"4":{"name":"(anonymous_4)","decl":{"start":{"line":61,"column":21},"end":{"line":61,"column":22}},"loc":{"start":{"line":61,"column":27},"end":{"line":68,"column":13}},"line":61},"5":{"name":"(anonymous_5)","decl":{"start":{"line":62,"column":66},"end":{"line":62,"column":67}},"loc":{"start":{"line":62,"column":75},"end":{"line":66,"column":15}},"line":62},"6":{"name":"(anonymous_6)","decl":{"start":{"line":76,"column":19},"end":{"line":76,"column":20}},"loc":{"start":{"line":76,"column":25},"end":{"line":81,"column":11}},"line":76},"7":{"name":"(anonymous_7)","decl":{"start":{"line":78,"column":14},"end":{"line":78,"column":15}},"loc":{"start":{"line":78,"column":23},"end":{"line":78,"column":46}},"line":78},"8":{"name":"(anonymous_8)","decl":{"start":{"line":90,"column":22},"end":{"line":90,"column":23}},"loc":{"start":{"line":90,"column":29},"end":{"line":90,"column":56}},"line":90},"9":{"name":"(anonymous_9)","decl":{"start":{"line":100,"column":33},"end":{"line":100,"column":34}},"loc":{"start":{"line":101,"column":12},"end":{"line":119,"column":19}},"line":101}},"branchMap":{"0":{"loc":{"start":{"line":27,"column":6},"end":{"line":28,"column":27}},"type":"binary-expr","locations":[{"start":{"line":27,"column":6},"end":{"line":28,"column":21}},{"start":{"line":28,"column":25},"end":{"line":28,"column":27}}],"line":27},"1":{"loc":{"start":{"line":31,"column":6},"end":{"line":32,"column":27}},"type":"binary-expr","locations":[{"start":{"line":31,"column":6},"end":{"line":32,"column":21}},{"start":{"line":32,"column":25},"end":{"line":32,"column":27}}],"line":31},"2":{"loc":{"start":{"line":38,"column":2},"end":{"line":42,"column":3}},"type":"if","locations":[{"start":{"line":38,"column":2},"end":{"line":42,"column":3}},{"start":{},"end":{}}],"line":38},"3":{"loc":{"start":{"line":44,"column":9},"end":{"line":124,"column":3}},"type":"cond-expr","locations":[{"start":{"line":45,"column":4},"end":{"line":45,"column":15}},{"start":{"line":47,"column":4},"end":{"line":123,"column":10}}],"line":44},"4":{"loc":{"start":{"line":95,"column":9},"end":{"line":121,"column":9}},"type":"cond-expr","locations":[{"start":{"line":96,"column":10},"end":{"line":98,"column":15}},{"start":{"line":100,"column":10},"end":{"line":120,"column":12}}],"line":95},"5":{"loc":{"start":{"line":107,"column":16},"end":{"line":117,"column":17}},"type":"cond-expr","locations":[{"start":{"line":108,"column":18},"end":{"line":111,"column":20}},{"start":{"line":113,"column":18},"end":{"line":116,"column":20}}],"line":107}},"s":{"0":1,"1":4,"2":4,"3":4,"4":4,"5":4,"6":1,"7":4,"8":1,"9":1,"10":1,"11":1,"12":1,"13":4,"14":4,"15":0,"16":4,"17":4,"18":1,"19":1,"20":20,"21":1,"22":0,"23":0,"24":0,"25":0,"26":41},"f":{"0":4,"1":1,"2":1,"3":1,"4":1,"5":20,"6":0,"7":0,"8":0,"9":41},"b":{"0":[1,0],"1":[1,0],"2":[0,4],"3":[1,3],"4":[0,3],"5":[0,41]},"_coverageSchema":"1a1c01bbd47fc00a2c39e90264f33305004495a9","hash":"e41f6e779c923a4c66e60b09a45b05f6fc0b4a29"}
,"D:\\Projects\\Namaste React\\src\\components\\Contact.js": {"path":"D:\\Projects\\Namaste React\\src\\components\\Contact.js","statementMap":{"0":{"start":{"line":1,"column":16},"end":{"line":15,"column":1}},"1":{"start":{"line":2,"column":2},"end":{"line":14,"column":4}}},"fnMap":{"0":{"name":"(anonymous_0)","decl":{"start":{"line":1,"column":16},"end":{"line":1,"column":17}},"loc":{"start":{"line":1,"column":22},"end":{"line":15,"column":1}},"line":1}},"branchMap":{},"s":{"0":1,"1":3},"f":{"0":3},"b":{},"_coverageSchema":"1a1c01bbd47fc00a2c39e90264f33305004495a9","hash":"0aa5a68108124754e360a40e6f2c1c6e56c3ebb0"}
,"D:\\Projects\\Namaste React\\src\\components\\Header.js": {"path":"D:\\Projects\\Namaste React\\src\\components\\Header.js","statementMap":{"0":{"start":{"line":8,"column":22},"end":{"line":63,"column":1}},"1":{"start":{"line":9,"column":32},"end":{"line":9,"column":49}},"2":{"start":{"line":10,"column":23},"end":{"line":10,"column":40}},"3":{"start":{"line":11,"column":27},"end":{"line":11,"column":50}},"4":{"start":{"line":14,"column":20},"end":{"line":14,"column":60}},"5":{"start":{"line":14,"column":43},"end":{"line":14,"column":59}},"6":{"start":{"line":17,"column":2},"end":{"line":62,"column":4}},"7":{"start":{"line":53,"column":14},"end":{"line":53,"column":79}}},"fnMap":{"0":{"name":"(anonymous_0)","decl":{"start":{"line":8,"column":22},"end":{"line":8,"column":23}},"loc":{"start":{"line":8,"column":28},"end":{"line":63,"column":1}},"line":8},"1":{"name":"(anonymous_1)","decl":{"start":{"line":14,"column":32},"end":{"line":14,"column":33}},"loc":{"start":{"line":14,"column":43},"end":{"line":14,"column":59}},"line":14},"2":{"name":"(anonymous_2)","decl":{"start":{"line":52,"column":21},"end":{"line":52,"column":22}},"loc":{"start":{"line":52,"column":27},"end":{"line":54,"column":13}},"line":52}},"branchMap":{"0":{"loc":{"start":{"line":24,"column":29},"end":{"line":24,"column":55}},"type":"cond-expr","locations":[{"start":{"line":24,"column":44},"end":{"line":24,"column":48}},{"start":{"line":24,"column":51},"end":{"line":24,"column":55}}],"line":24},"1":{"loc":{"start":{"line":53,"column":14},"end":{"line":53,"column":78}},"type":"cond-expr","locations":[{"start":{"line":53,"column":36},"end":{"line":53,"column":56}},{"start":{"line":53,"column":59},"end":{"line":53,"column":78}}],"line":53}},"s":{"0":2,"1":5,"2":5,"3":5,"4":5,"5":9,"6":5,"7":1},"f":{"0":5,"1":9,"2":1},"b":{"0":[5,0],"1":[1,0]},"_coverageSchema":"1a1c01bbd47fc00a2c39e90264f33305004495a9","hash":"760be6de36aa557699bd55888395fd9bf9273603"}
,"D:\\Projects\\Namaste React\\src\\components\\ItemList.js": {"path":"D:\\Projects\\Namaste React\\src\\components\\ItemList.js","statementMap":{"0":{"start":{"line":5,"column":17},"end":{"line":40,"column":1}},"1":{"start":{"line":6,"column":19},"end":{"line":6,"column":32}},"2":{"start":{"line":7,"column":24},"end":{"line":10,"column":3}},"3":{"start":{"line":9,"column":4},"end":{"line":9,"column":28}},"4":{"start":{"line":11,"column":2},"end":{"line":39,"column":4}},"5":{"start":{"line":25,"column":29},"end":{"line":25,"column":48}}},"fnMap":{"0":{"name":"(anonymous_0)","decl":{"start":{"line":5,"column":17},"end":{"line":5,"column":18}},"loc":{"start":{"line":5,"column":31},"end":{"line":40,"column":1}},"line":5},"1":{"name":"(anonymous_1)","decl":{"start":{"line":7,"column":24},"end":{"line":7,"column":25}},"loc":{"start":{"line":7,"column":34},"end":{"line":10,"column":3}},"line":7},"2":{"name":"(anonymous_2)","decl":{"start":{"line":25,"column":23},"end":{"line":25,"column":24}},"loc":{"start":{"line":25,"column":29},"end":{"line":25,"column":48}},"line":25}},"branchMap":{},"s":{"0":1,"1":0,"2":0,"3":0,"4":0,"5":0},"f":{"0":0,"1":0,"2":0},"b":{},"_coverageSchema":"1a1c01bbd47fc00a2c39e90264f33305004495a9","hash":"cfc62d5e1418fee3ae96eb70b014f96893bfb7c0"}
,"D:\\Projects\\Namaste React\\src\\components\\RestaurantCategory.js": {"path":"D:\\Projects\\Namaste React\\src\\components\\RestaurantCategory.js","statementMap":{"0":{"start":{"line":3,"column":27},"end":{"line":25,"column":1}},"1":{"start":{"line":4,"column":21},"end":{"line":6,"column":3}},"2":{"start":{"line":5,"column":4},"end":{"line":5,"column":19}},"3":{"start":{"line":8,"column":2},"end":{"line":24,"column":4}},"4":{"start":{"line":20,"column":10},"end":{"line":20,"column":73}}},"fnMap":{"0":{"name":"(anonymous_0)","decl":{"start":{"line":3,"column":27},"end":{"line":3,"column":28}},"loc":{"start":{"line":3,"column":66},"end":{"line":25,"column":1}},"line":3},"1":{"name":"(anonymous_1)","decl":{"start":{"line":4,"column":21},"end":{"line":4,"column":22}},"loc":{"start":{"line":4,"column":27},"end":{"line":6,"column":3}},"line":4},"2":{"name":"(anonymous_2)","decl":{"start":{"line":19,"column":41},"end":{"line":19,"column":42}},"loc":{"start":{"line":20,"column":10},"end":{"line":20,"column":73}},"line":20}},"branchMap":{"0":{"loc":{"start":{"line":19,"column":9},"end":{"line":21,"column":10}},"type":"binary-expr","locations":[{"start":{"line":19,"column":9},"end":{"line":19,"column":18}},{"start":{"line":19,"column":22},"end":{"line":21,"column":10}}],"line":19}},"s":{"0":1,"1":0,"2":0,"3":0,"4":0},"f":{"0":0,"1":0,"2":0},"b":{"0":[0,0]},"_coverageSchema":"1a1c01bbd47fc00a2c39e90264f33305004495a9","hash":"27fde494e0e94c5c7eb50e71e43abb49e6171a08"}
,"D:\\Projects\\Namaste React\\src\\components\\RestaurantMenu.js": {"path":"D:\\Projects\\Namaste React\\src\\components\\RestaurantMenu.js","statementMap":{"0":{"start":{"line":7,"column":23},"end":{"line":61,"column":1}},"1":{"start":{"line":8,"column":20},"end":{"line":8,"column":31}},"2":{"start":{"line":10,"column":18},"end":{"line":10,"column":42}},"3":{"start":{"line":12,"column":36},"end":{"line":12,"column":50}},"4":{"start":{"line":14,"column":2},"end":{"line":16,"column":3}},"5":{"start":{"line":15,"column":4},"end":{"line":15,"column":23}},"6":{"start":{"line":19,"column":4},"end":{"line":20,"column":29}},"7":{"start":{"line":21,"column":2},"end":{"line":21,"column":78}},"8":{"start":{"line":23,"column":3},"end":{"line":25,"column":2}},"9":{"start":{"line":24,"column":2},"end":{"line":24,"column":75}},"10":{"start":{"line":28,"column":4},"end":{"line":32,"column":5}},"11":{"start":{"line":30,"column":8},"end":{"line":31,"column":70}},"12":{"start":{"line":34,"column":2},"end":{"line":34,"column":26}},"13":{"start":{"line":37,"column":4},"end":{"line":37,"column":39}},"14":{"start":{"line":39,"column":2},"end":{"line":60,"column":4}},"15":{"start":{"line":51,"column":10},"end":{"line":56,"column":12}},"16":{"start":{"line":55,"column":32},"end":{"line":55,"column":51}}},"fnMap":{"0":{"name":"(anonymous_0)","decl":{"start":{"line":7,"column":23},"end":{"line":7,"column":24}},"loc":{"start":{"line":7,"column":29},"end":{"line":61,"column":1}},"line":7},"1":{"name":"(anonymous_1)","decl":{"start":{"line":29,"column":6},"end":{"line":29,"column":7}},"loc":{"start":{"line":30,"column":8},"end":{"line":31,"column":70}},"line":30},"2":{"name":"(anonymous_2)","decl":{"start":{"line":50,"column":24},"end":{"line":50,"column":25}},"loc":{"start":{"line":51,"column":10},"end":{"line":56,"column":12}},"line":51},"3":{"name":"(anonymous_3)","decl":{"start":{"line":55,"column":26},"end":{"line":55,"column":27}},"loc":{"start":{"line":55,"column":32},"end":{"line":55,"column":51}},"line":55}},"branchMap":{"0":{"loc":{"start":{"line":14,"column":2},"end":{"line":16,"column":3}},"type":"if","locations":[{"start":{"line":14,"column":2},"end":{"line":16,"column":3}},{"start":{},"end":{}}],"line":14},"1":{"loc":{"start":{"line":19,"column":4},"end":{"line":20,"column":29}},"type":"binary-expr","locations":[{"start":{"line":19,"column":4},"end":{"line":20,"column":23}},{"start":{"line":20,"column":27},"end":{"line":20,"column":29}}],"line":19},"2":{"loc":{"start":{"line":23,"column":3},"end":{"line":25,"column":2}},"type":"if","locations":[{"start":{"line":23,"column":3},"end":{"line":25,"column":2}},{"start":{},"end":{}}],"line":23},"3":{"loc":{"start":{"line":44,"column":12},"end":{"line":44,"column":26}},"type":"binary-expr","locations":[{"start":{"line":44,"column":12},"end":{"line":44,"column":20}},{"start":{"line":44,"column":24},"end":{"line":44,"column":26}}],"line":44},"4":{"loc":{"start":{"line":54,"column":23},"end":{"line":54,"column":57}},"type":"cond-expr","locations":[{"start":{"line":54,"column":45},"end":{"line":54,"column":49}},{"start":{"line":54,"column":52},"end":{"line":54,"column":57}}],"line":54}},"s":{"0":1,"1":1,"2":1,"3":1,"4":1,"5":1,"6":0,"7":0,"8":0,"9":0,"10":0,"11":0,"12":0,"13":0,"14":0,"15":0,"16":0},"f":{"0":1,"1":0,"2":0,"3":0},"b":{"0":[1,0],"1":[0,0],"2":[0,0],"3":[0,0],"4":[0,0]},"_coverageSchema":"1a1c01bbd47fc00a2c39e90264f33305004495a9","hash":"807470e447ecab8d21c065aacdf541b6b97c395e"}
,"D:\\Projects\\Namaste React\\src\\components\\RestaurentCard.js": {"path":"D:\\Projects\\Namaste React\\src\\components\\RestaurentCard.js","statementMap":{"0":{"start":{"line":3,"column":30},"end":{"line":28,"column":1}},"1":{"start":{"line":4,"column":22},"end":{"line":4,"column":27}},"2":{"start":{"line":5,"column":2},"end":{"line":5,"column":23}},"3":{"start":{"line":7,"column":4},"end":{"line":7,"column":11}},"4":{"start":{"line":8,"column":2},"end":{"line":27,"column":4}},"5":{"start":{"line":33,"column":33},"end":{"line":44,"column":1}},"6":{"start":{"line":34,"column":2},"end":{"line":43,"column":4}},"7":{"start":{"line":35,"column":4},"end":{"line":42,"column":6}}},"fnMap":{"0":{"name":"(anonymous_0)","decl":{"start":{"line":3,"column":30},"end":{"line":3,"column":31}},"loc":{"start":{"line":3,"column":41},"end":{"line":28,"column":1}},"line":3},"1":{"name":"(anonymous_1)","decl":{"start":{"line":33,"column":33},"end":{"line":33,"column":34}},"loc":{"start":{"line":33,"column":53},"end":{"line":44,"column":1}},"line":33},"2":{"name":"(anonymous_2)","decl":{"start":{"line":34,"column":9},"end":{"line":34,"column":10}},"loc":{"start":{"line":34,"column":20},"end":{"line":43,"column":3}},"line":34}},"branchMap":{},"s":{"0":2,"1":42,"2":42,"3":42,"4":42,"5":2,"6":4,"7":0},"f":{"0":42,"1":4,"2":0},"b":{},"_coverageSchema":"1a1c01bbd47fc00a2c39e90264f33305004495a9","hash":"1127e9f5ae50aee1ef53cb6c8508dcc4501c09ed"}
,"D:\\Projects\\Namaste React\\src\\components\\Shimmer.js": {"path":"D:\\Projects\\Namaste React\\src\\components\\Shimmer.js","statementMap":{"0":{"start":{"line":1,"column":16},"end":{"line":21,"column":1}},"1":{"start":{"line":2,"column":2},"end":{"line":20,"column":4}},"2":{"start":{"line":7,"column":10},"end":{"line":17,"column":16}}},"fnMap":{"0":{"name":"(anonymous_0)","decl":{"start":{"line":1,"column":16},"end":{"line":1,"column":17}},"loc":{"start":{"line":1,"column":22},"end":{"line":21,"column":1}},"line":1},"1":{"name":"(anonymous_1)","decl":{"start":{"line":6,"column":13},"end":{"line":6,"column":14}},"loc":{"start":{"line":7,"column":10},"end":{"line":17,"column":16}},"line":7}},"branchMap":{},"s":{"0":2,"1":2,"2":50},"f":{"0":2,"1":50},"b":{},"_coverageSchema":"1a1c01bbd47fc00a2c39e90264f33305004495a9","hash":"9c001e2c278f5403491a70ac6a4fc96258b8ff3e"}
,"D:\\Projects\\Namaste React\\src\\utils\\appStore.js": {"path":"D:\\Projects\\Namaste React\\src\\utils\\appStore.js","statementMap":{"0":{"start":{"line":4,"column":17},"end":{"line":8,"column":2}}},"fnMap":{},"branchMap":{},"s":{"0":2},"f":{},"b":{},"_coverageSchema":"1a1c01bbd47fc00a2c39e90264f33305004495a9","hash":"9994303543925f992d09f8867d3ab71327c83e88"}
,"D:\\Projects\\Namaste React\\src\\utils\\cartSlice.js": {"path":"D:\\Projects\\Namaste React\\src\\utils\\cartSlice.js","statementMap":{"0":{"start":{"line":3,"column":18},"end":{"line":20,"column":2}},"1":{"start":{"line":11,"column":6},"end":{"line":11,"column":39}},"2":{"start":{"line":14,"column":6},"end":{"line":14,"column":24}},"3":{"start":{"line":17,"column":6},"end":{"line":17,"column":29}},"4":{"start":{"line":22,"column":50},"end":{"line":22,"column":67}}},"fnMap":{"0":{"name":"(anonymous_0)","decl":{"start":{"line":9,"column":13},"end":{"line":9,"column":14}},"loc":{"start":{"line":9,"column":32},"end":{"line":12,"column":5}},"line":9},"1":{"name":"(anonymous_1)","decl":{"start":{"line":13,"column":16},"end":{"line":13,"column":17}},"loc":{"start":{"line":13,"column":35},"end":{"line":15,"column":5}},"line":13},"2":{"name":"(anonymous_2)","decl":{"start":{"line":16,"column":15},"end":{"line":16,"column":16}},"loc":{"start":{"line":16,"column":34},"end":{"line":18,"column":5}},"line":16}},"branchMap":{},"s":{"0":2,"1":0,"2":0,"3":0,"4":2},"f":{"0":0,"1":0,"2":0},"b":{},"_coverageSchema":"1a1c01bbd47fc00a2c39e90264f33305004495a9","hash":"b18d35a41be651404c30abba21a91056eb0e1993"}
,"D:\\Projects\\Namaste React\\src\\utils\\constants.js": {"path":"D:\\Projects\\Namaste React\\src\\utils\\constants.js","statementMap":{"0":{"start":{"line":2,"column":2},"end":{"line":2,"column":85}},"1":{"start":{"line":5,"column":2},"end":{"line":5,"column":96}},"2":{"start":{"line":8,"column":2},"end":{"line":8,"column":121}}},"fnMap":{},"branchMap":{},"s":{"0":4,"1":4,"2":4},"f":{},"b":{},"_coverageSchema":"1a1c01bbd47fc00a2c39e90264f33305004495a9","hash":"f81024f11c08a431a75e534f367b485e20c8c8bf"}
,"D:\\Projects\\Namaste React\\src\\utils\\useOnlineStatus.js": {"path":"D:\\Projects\\Namaste React\\src\\utils\\useOnlineStatus.js","statementMap":{"0":{"start":{"line":3,"column":24},"end":{"line":19,"column":1}},"1":{"start":{"line":4,"column":42},"end":{"line":4,"column":56}},"2":{"start":{"line":7,"column":2},"end":{"line":15,"column":5}},"3":{"start":{"line":8,"column":4},"end":{"line":10,"column":7}},"4":{"start":{"line":9,"column":6},"end":{"line":9,"column":29}},"5":{"start":{"line":12,"column":4},"end":{"line":14,"column":7}},"6":{"start":{"line":13,"column":6},"end":{"line":13,"column":28}},"7":{"start":{"line":18,"column":2},"end":{"line":18,"column":22}}},"fnMap":{"0":{"name":"(anonymous_0)","decl":{"start":{"line":3,"column":24},"end":{"line":3,"column":25}},"loc":{"start":{"line":3,"column":30},"end":{"line":19,"column":1}},"line":3},"1":{"name":"(anonymous_1)","decl":{"start":{"line":7,"column":12},"end":{"line":7,"column":13}},"loc":{"start":{"line":7,"column":18},"end":{"line":15,"column":3}},"line":7},"2":{"name":"(anonymous_2)","decl":{"start":{"line":8,"column":39},"end":{"line":8,"column":40}},"loc":{"start":{"line":8,"column":45},"end":{"line":10,"column":5}},"line":8},"3":{"name":"(anonymous_3)","decl":{"start":{"line":12,"column":38},"end":{"line":12,"column":39}},"loc":{"start":{"line":12,"column":44},"end":{"line":14,"column":5}},"line":12}},"branchMap":{},"s":{"0":3,"1":9,"2":9,"3":9,"4":0,"5":9,"6":0,"7":9},"f":{"0":9,"1":9,"2":0,"3":0},"b":{},"_coverageSchema":"1a1c01bbd47fc00a2c39e90264f33305004495a9","hash":"8a1f7dfc88e02d01b4025164b0be1290361b1fef"}
,"D:\\Projects\\Namaste React\\src\\utils\\useRestaurantMenu.js": {"path":"D:\\Projects\\Namaste React\\src\\utils\\useRestaurantMenu.js","statementMap":{"0":{"start":{"line":4,"column":26},"end":{"line":21,"column":1}},"1":{"start":{"line":5,"column":32},"end":{"line":5,"column":46}},"2":{"start":{"line":7,"column":2},"end":{"line":9,"column":14}},"3":{"start":{"line":8,"column":4},"end":{"line":8,"column":16}},"4":{"start":{"line":11,"column":20},"end":{"line":19,"column":3}},"5":{"start":{"line":12,"column":4},"end":{"line":18,"column":5}},"6":{"start":{"line":13,"column":19},"end":{"line":13,"column":48}},"7":{"start":{"line":14,"column":19},"end":{"line":14,"column":36}},"8":{"start":{"line":15,"column":6},"end":{"line":15,"column":35}},"9":{"start":{"line":17,"column":6},"end":{"line":17,"column":62}},"10":{"start":{"line":20,"column":2},"end":{"line":20,"column":17}}},"fnMap":{"0":{"name":"(anonymous_0)","decl":{"start":{"line":4,"column":26},"end":{"line":4,"column":27}},"loc":{"start":{"line":4,"column":37},"end":{"line":21,"column":1}},"line":4},"1":{"name":"(anonymous_1)","decl":{"start":{"line":7,"column":12},"end":{"line":7,"column":13}},"loc":{"start":{"line":7,"column":18},"end":{"line":9,"column":3}},"line":7},"2":{"name":"(anonymous_2)","decl":{"start":{"line":11,"column":20},"end":{"line":11,"column":21}},"loc":{"start":{"line":11,"column":32},"end":{"line":19,"column":3}},"line":11}},"branchMap":{"0":{"loc":{"start":{"line":15,"column":17},"end":{"line":15,"column":33}},"type":"binary-expr","locations":[{"start":{"line":15,"column":17},"end":{"line":15,"column":27}},{"start":{"line":15,"column":31},"end":{"line":15,"column":33}}],"line":15}},"s":{"0":1,"1":1,"2":1,"3":1,"4":1,"5":1,"6":1,"7":0,"8":0,"9":1,"10":1},"f":{"0":1,"1":1,"2":1},"b":{"0":[0,0]},"_coverageSchema":"1a1c01bbd47fc00a2c39e90264f33305004495a9","hash":"4434b34b2e166ddabe4e495937edb076463a8631"}
,"D:\\Projects\\Namaste React\\src\\utils\\userContext.js": {"path":"D:\\Projects\\Namaste React\\src\\utils\\userContext.js","statementMap":{"0":{"start":{"line":2,"column":20},"end":{"line":4,"column":2}}},"fnMap":{},"branchMap":{},"s":{"0":3},"f":{},"b":{},"_coverageSchema":"1a1c01bbd47fc00a2c39e90264f33305004495a9","hash":"8bbaee733eebd53dab086b7d780698e6512c61c4"}
}
